\BOOKMARK [1][-]{section*.4}{Įvadas}{}% 1
\BOOKMARK [1][-]{section.1}{Skaitmeninės tapatybės valdymo apžvalga}{}% 2
\BOOKMARK [2][-]{subsection.1.1}{Tapatybės atpažinimo poreikis}{section.1}% 3
\BOOKMARK [2][-]{subsection.1.2}{Skaitmeninės tapatybės valdymo samprata}{section.1}% 4
\BOOKMARK [2][-]{subsection.1.3}{Naudotojų poreikiai skaitmeninės tapatybės valdymo sistemoms}{section.1}% 5
\BOOKMARK [2][-]{subsection.1.4}{Skaitmeninės tapatybės valdymo modeliai}{section.1}% 6
\BOOKMARK [3][-]{subsubsection.1.4.1}{Izoliuotas tapatybių valdymas}{subsection.1.4}% 7
\BOOKMARK [3][-]{subsubsection.1.4.2}{Centralizuotas tapatybių valdymas}{subsection.1.4}% 8
\BOOKMARK [3][-]{subsubsection.1.4.3}{Jungtinis tapatybių valdymas}{subsection.1.4}% 9
\BOOKMARK [3][-]{subsubsection.1.4.4}{Skaitmeninės tapatybės valdymo modelių palyginimas}{subsection.1.4}% 10
\BOOKMARK [2][-]{subsection.1.5}{Naudotojų problemų tapatybės valdyme apibendrinimas}{section.1}% 11
\BOOKMARK [1][-]{section.2}{Blokų grandinės technologija}{}% 12
\BOOKMARK [2][-]{subsection.2.1}{Nekintamumas}{section.2}% 13
\BOOKMARK [2][-]{subsection.2.2}{Decentralizuotumas}{section.2}% 14
\BOOKMARK [2][-]{subsection.2.3}{Tipai}{section.2}% 15
\BOOKMARK [2][-]{subsection.2.4}{Konsensuso\040strategijos}{section.2}% 16
\BOOKMARK [3][-]{subsubsection.2.4.1}{Darbo įrodymo strategija}{subsection.2.4}% 17
\BOOKMARK [3][-]{subsubsection.2.4.2}{Turto įrodymo strategija}{subsection.2.4}% 18
\BOOKMARK [3][-]{subsubsection.2.4.3}{Autoriteto įrodymo strategija}{subsection.2.4}% 19
\BOOKMARK [2][-]{subsection.2.5}{Išmanieji kontraktai}{section.2}% 20
\BOOKMARK [3][-]{subsubsection.2.5.1}{"Ethereum" išmanieji kontraktai}{subsection.2.5}% 21
\BOOKMARK [2][-]{subsection.2.6}{Pavojai ir trūkumai}{section.2}% 22
\BOOKMARK [3][-]{subsubsection.2.6.1}{Daugumos\040ataka}{subsection.2.6}% 23
\BOOKMARK [3][-]{subsubsection.2.6.2}{Plečiamumas}{subsection.2.6}% 24
\BOOKMARK [3][-]{subsubsection.2.6.3}{Anonimiškumas}{subsection.2.6}% 25
\BOOKMARK [2][-]{subsection.2.7}{Pritaikymas tapatybės valdyme}{section.2}% 26
\BOOKMARK [1][-]{section.3}{Blokų grandine paremtas tapatybės atributų valdymo modelis}{}% 27
\BOOKMARK [2][-]{subsection.3.1}{Reikalavimai}{section.3}% 28
\BOOKMARK [2][-]{subsection.3.2}{Modelio\040dalys}{section.3}% 29
\BOOKMARK [3][-]{subsubsection.3.2.1}{Išmanieji kontraktai paslaugų autorizavimo logikai}{subsection.3.2}% 30
\BOOKMARK [3][-]{subsubsection.3.2.2}{Atributų valdymo programa}{subsection.3.2}% 31
\BOOKMARK [3][-]{subsubsection.3.2.3}{Paslaugų registras}{subsection.3.2}% 32
\BOOKMARK [2][-]{subsection.3.3}{Pagrindiniai\040naudojimo\040atvejai}{section.3}% 33
\BOOKMARK [3][-]{subsubsection.3.3.1}{Naudotojo\040adreso\040suteikimas\040paslaugai}{subsection.3.3}% 34
\BOOKMARK [3][-]{subsubsection.3.3.2}{Paslaugos atliekama atributo užklausa}{subsection.3.3}% 35
\BOOKMARK [3][-]{subsubsection.3.3.3}{Naudotojo\040atliekamas\040paslaugos\040autorizavimas}{subsection.3.3}% 36
\BOOKMARK [3][-]{subsubsection.3.3.4}{Atributų valdymo programos atliekamas blokų grandinės stebėjimas}{subsection.3.3}% 37
\BOOKMARK [1][-]{section.4}{Tapatybės atributų valdymo modelio vertinimas}{}% 38
\BOOKMARK [2][-]{subsection.4.1}{Privalumai}{section.4}% 39
\BOOKMARK [3][-]{subsubsection.4.1.1}{Naudotojui suteikta atributų valdymo kontrolė}{subsection.4.1}% 40
\BOOKMARK [3][-]{subsubsection.4.1.2}{Decentralizuoti tapatybės atributai}{subsection.4.1}% 41
\BOOKMARK [3][-]{subsubsection.4.1.3}{Sumažintas reikalingas pasitikėjimas trečiosiomis šalimis}{subsection.4.1}% 42
\BOOKMARK [2][-]{subsection.4.2}{Trūkumai}{section.4}% 43
\BOOKMARK [3][-]{subsubsection.4.2.1}{Atributų reikšmių įvedimas}{subsection.4.2}% 44
\BOOKMARK [3][-]{subsubsection.4.2.2}{Nepatikimos atributų reikšmės}{subsection.4.2}% 45
\BOOKMARK [3][-]{subsubsection.4.2.3}{Kaina}{subsection.4.2}% 46
\BOOKMARK [2][-]{subsection.4.3}{Pritaikymo\040barjerai}{section.4}% 47
\BOOKMARK [1][-]{section.5}{Tapatybės atributų valdymo modelio prototipas}{}% 48
\BOOKMARK [2][-]{subsection.5.1}{Pasirinktos\040technologijos}{section.5}% 49
\BOOKMARK [2][-]{subsection.5.2}{Atributų saugyklos kontraktas}{section.5}% 50
\BOOKMARK [2][-]{subsection.5.3}{Paslaugų registro kontraktas}{section.5}% 51
\BOOKMARK [1][-]{section.6}{Kiti blokų grandinės projektai tapatybės valdymo srityje}{}% 52
\BOOKMARK [2][-]{subsection.6.1}{Blockstack}{section.6}% 53
\BOOKMARK [2][-]{subsection.6.2}{UPort}{section.6}% 54
\BOOKMARK [2][-]{subsection.6.3}{Tradle}{section.6}% 55
\BOOKMARK [1][-]{section*.28}{Rezultatai ir išvados}{}% 56
\BOOKMARK [1][-]{section*.29}{Literatūra}{}% 57
\BOOKMARK [1][-]{section*.30}{Sąvokų apibrėžimai}{}% 58
\BOOKMARK [1][-]{section*.30}{Priedai}{}% 59
\BOOKMARK [2][-]{appendix.A}{1 priedas. OAuth prašymas naudotojui autorizuoti paslaugą}{section*.30}% 60
\BOOKMARK [2][-]{appendix.B}{2 priedas. Atributų saugojimo ir autorizavimo kontraktas}{section*.30}% 61
\BOOKMARK [2][-]{appendix.C}{3 priedas. Paslaugų registro kontraktas}{section*.30}% 62
